 
****************************************
Report : area
Design : System_Top
Version: K-2015.06
Date   : Tue Feb 10 02:35:21 2026
****************************************

Library(s) Used:

    scmetro_tsmc_cl013g_rvt_ss_1p08v_125c (File: /home/IC/Labs/Lab_Syn_4.0/std_cells/scmetro_tsmc_cl013g_rvt_ss_1p08v_125c.db)

Number of ports:                           79
Number of nets:                           559
Number of cells:                          489
Number of combinational cells:            297
Number of sequential cells:               186
Number of macros/black boxes:               0
Number of buf/inv:                         46
Number of references:                       7

Combinational area:               2935.866588
Buf/Inv area:                      169.444804
Noncombinational area:            4877.421452
Macro/Black Box area:                0.000000
Net Interconnect area:      undefined  (No wire load specified)

Total cell area:                  7813.288039
Total area:                 undefined

Hierarchical area distribution
------------------------------

                                  Global cell area          Local cell area
                                  ------------------  ---------------------------- 
Hierarchical cell                 Absolute   Percent  Combi-     Noncombi-  Black-
                                  Total      Total    national   national   boxes   Design
--------------------------------  ---------  -------  ---------  ---------  ------  ----------
System_Top                        7813.2880    100.0     7.0602     0.0000  0.0000  System_Top
U0_CRC                             616.5908      7.9   218.8662   397.7246  0.0000  CRC
U0_DATA_SYNC                       395.3712      5.1    84.7224   310.6488  0.0000  DATA_SYNC
U0_RST_SYNC                         51.7748      0.7     0.0000    51.7748  0.0000  RST_SYNC_0
U0_RegFile                        6365.9470     81.5  2533.4352  3832.5119  0.0000  RegFile
U0_SER_2_PAR                       324.7692      4.2    91.7826   232.9866  0.0000  SER_2_PAR
U1_RST_SYNC                         51.7748      0.7     0.0000    51.7748  0.0000  RST_SYNC_1
--------------------------------  ---------  -------  ---------  ---------  ------  ----------
Total                                                 2935.8666  4877.4215  0.0000

1
