 
****************************************
Report : area
Design : System_Top
Version: K-2015.06
Date   : Mon Feb  9 21:32:34 2026
****************************************

Library(s) Used:

    scmetro_tsmc_cl013g_rvt_ss_1p08v_125c (File: /home/IC/Labs/Lab_Syn_3.0/std_cells/scmetro_tsmc_cl013g_rvt_ss_1p08v_125c.db)

Number of ports:                          267
Number of nets:                          1301
Number of cells:                         1070
Number of combinational cells:            897
Number of sequential cells:               164
Number of macros/black boxes:               0
Number of buf/inv:                        226
Number of references:                       4

Combinational area:               6508.327799
Buf/Inv area:                      984.897917
Noncombinational area:            4291.424868
Macro/Black Box area:                0.000000
Net Interconnect area:          138694.042114

Total cell area:                 10799.752666
Total area:                     149493.794781

Hierarchical area distribution
------------------------------

                                  Global cell area           Local cell area
                                  -------------------  ---------------------------- 
Hierarchical cell                 Absolute    Percent  Combi-     Noncombi-  Black-
                                  Total       Total    national   national   boxes   Design
--------------------------------  ----------  -------  ---------  ---------  ------  -----------------
System_Top                        10799.7527    100.0     0.0000     0.0000  0.0000  System_Top
U0_ALU                             3871.3430     35.8  1101.3912   232.9866  0.0000  ALU
U0_ALU/add_42                       251.8138      2.3   251.8138     0.0000  0.0000  ALU_DW01_add_0
U0_ALU/div_51                      1060.2067      9.8  1060.2067     0.0000  0.0000  ALU_DW_div_uns_0
U0_ALU/mult_48                      966.0707      8.9   966.0707     0.0000  0.0000  ALU_DW02_mult_0
U0_ALU/sub_45                       258.8740      2.4   258.8740     0.0000  0.0000  ALU_DW01_sub_0
U0_CLK_GATE                          24.7107      0.2     0.0000    24.7107  0.0000  CLK_GATE
U0_ClkDiv                          1001.3717      9.3   444.7926   455.3829  0.0000  ClkDiv
U0_ClkDiv/add_50                    101.1962      0.9   101.1962     0.0000  0.0000  ClkDiv_DW01_inc_0
U0_RegFile                         5902.3272     54.7  2323.9826  3578.3447  0.0000  RegFile
--------------------------------  ----------  -------  ---------  ---------  ------  -----------------
Total                                                  6508.3278  4291.4249  0.0000

1
