Loading db file '/home/IC/Labs/Lab_Syn_3.0/std_cells/scmetro_tsmc_cl013g_rvt_ss_1p08v_125c.db'
Information: Propagating switching activity (low effort zero delay simulation). (PWR-6)
Warning: Design has unannotated primary inputs. (PWR-414)
Warning: Design has unannotated sequential cell outputs. (PWR-415)
 
****************************************
Report : power
        -hier
        -analysis_effort low
Design : System_Top
Version: K-2015.06
Date   : Mon Feb  9 21:32:35 2026
****************************************


Library(s) Used:

    scmetro_tsmc_cl013g_rvt_ss_1p08v_125c (File: /home/IC/Labs/Lab_Syn_3.0/std_cells/scmetro_tsmc_cl013g_rvt_ss_1p08v_125c.db)


Operating Conditions: scmetro_tsmc_cl013g_rvt_ss_1p08v_125c   Library: scmetro_tsmc_cl013g_rvt_ss_1p08v_125c
Wire Load Model Mode: top

Design        Wire Load Model            Library
------------------------------------------------
System_Top             tsmc13_wl10       scmetro_tsmc_cl013g_rvt_ss_1p08v_125c


Global Operating Voltage = 1.08 
Power-specific unit information :
    Voltage Units = 1V
    Capacitance Units = 1.000000pf
    Time Units = 1ns
    Dynamic Power Units = 1mW    (derived from V,C,T units)
    Leakage Power Units = 1pW


--------------------------------------------------------------------------------
                                       Switch   Int      Leak     Total
Hierarchy                              Power    Power    Power    Power    %
--------------------------------------------------------------------------------
System_Top                             3.46e-02 3.38e-02 6.13e+06 7.45e-02 100.0
  U0_CLK_GATE (CLK_GATE)               2.42e-03 1.15e-03 2.06e+04 3.59e-03   4.8
  U0_ClkDiv (ClkDiv)                   1.83e-02 5.69e-03 6.26e+05 2.46e-02  33.0
    add_50 (ClkDiv_DW01_inc_0)         3.03e-07 3.03e-07 8.94e+04 9.00e-05   0.1
  U0_ALU (ALU)                         7.42e-03 4.41e-03 2.84e+06 1.47e-02  19.7
    mult_48 (ALU_DW02_mult_0)          7.25e-05 3.61e-05 7.38e+05 8.47e-04   1.1
    add_42 (ALU_DW01_add_0)            1.42e-05 1.46e-05 2.30e+05 2.59e-04   0.3
    sub_45 (ALU_DW01_sub_0)            2.30e-05 1.91e-05 2.46e+05 2.88e-04   0.4
    div_51 (ALU_DW_div_uns_0)          1.35e-04 4.34e-05 7.85e+05 9.64e-04   1.3
  U0_RegFile (RegFile)                 6.48e-03 2.26e-02 2.64e+06 3.17e-02  42.5
1
